<?xml version="1.0" encoding="UTF-8"?>
<testsuite xmlns:xsi="http://www.w3.org/2001/XMLSchema-instance" xsi:noNamespaceSchemaLocation="https://maven.apache.org/surefire/maven-surefire-plugin/xsd/surefire-test-report-3.0.xsd" version="3.0" name="com.ejemplo.RunCucumberTest" time="0.239" tests="2" errors="0" skipped="0" failures="0">
  <properties>
[...]
</properties>
  <testcase name="Login exitoso" classname="Inicio de sesión" time="0.11">
    <system-out><![CDATA[✅ En página de login
📧 Email: test@mail.com
🔑 Contraseña: 123456
✅ Redirigiendo...
]]></system-out>
  </testcase>
  <testcase name="Login fallido" classname="Inicio de sesión" time="0.007">
    <system-out><![CDATA[✅ En página de login
📧 Email: test@mail.com
🔑 Contraseña: wrong
📝 Mensaje: Credenciales incorrectas
]]></system-out>
  </testcase>
</testsuite>